Dalebora Goczal
Falis³aw Grochoñ
Dalebora Goczal
Dalebora Goczal
Dalebora Goczal
Joachima Szwenter
Kryspin KrzemiñŸniak
Dalebora Goczal
Maksencjusz Dziedziuchowicz
Dziwigor Jarmozy
Leona Ziêbika
Dalebora Goczal
Wirginia Gorgo³a
Dalebora Goczal
Dalebora Goczal
Dalebora Goczal
Dalebora Goczal
Dalebora Goczal
Tankred Ajberman
Dalebora Goczal
Dalebora Goczal
Ksenia Kratochwil
Kryspin KrzemiñŸniak
Dalebora Goczal
Joachima Szwenter
Malina Borej
Dalebora Goczal
Tankred Ajberman
Kryspin KrzemiñŸniak
Dalebora Goczal
