Wszemir Heleziak
Monika Mawer
Laurenty Braschke
Anizja Fróg
Plamena Belceñ
Monika Mawer
Przebor Nicowicz
Monika Mawer
Monika Mawer
Dadzboga Szeredko
Anizja Fróg
Przedpe³k Chwalibyg
Eulogiusz Sierdiuk
Anizja Fróg
Monika Mawer
Monika Mawer
Monika Mawer
Akacja Dege
Potapiusz Kudrañski
Monika Mawer
Siabora Bia³obrycka
Monika Mawer
Monika Mawer
Anizja Fróg
Dadzboga Szeredko
Monika Mawer
Monika Mawer
Eulogiusz Sierdiuk
Monika Mawer
Anizja Fróg
Monika Mawer
Eulogiusz Sierdiuk
Monika Mawer
Wszemir Heleziak
Monika Mawer
Anizja Fróg
Monika Mawer
Monika Mawer
Potapiusz Kudrañski
Ebrulf Presiñski
Dadzboga Szeredko
Anizja Fróg
Monika Mawer
Eulogiusz Sierdiuk
Laurenty Braschke
Monika Mawer
Monika Mawer
Monika Mawer
Monika Mawer
Ludolf Ciaglanis
Siabora Bia³obrycka
Anizja Fróg
Monika Mawer
Eulogiusz Sierdiuk
Ludolf Ciaglanis
Anizja Fróg
Anizja Fróg
Monika Mawer
Monika Mawer
Monika Mawer
Anizja Fróg
Monika Mawer
Plamena Belceñ
Plamena Belceñ
Potapiusz Kudrañski
Monika Mawer
Witos³awa Kratel
Monika Mawer
Monika Mawer
Monika Mawer
Potapiusz Kudrañski
Anizja Fróg
Siabora Bia³obrycka
Siabora Bia³obrycka
Przedbor Ba³truczko
Monika Mawer
Monika Mawer
Monika Mawer
Monika Mawer
Dadzboga Szeredko
Monika Mawer
Przedpe³k Chwalibyg
Monika Mawer
Kajetana Skiucha
Sêdzis³aw Miziewski
Monika Mawer
Monika Mawer
Potapiusz Kudrañski
Dadzboga Szeredko
Monika Mawer
Monika Mawer
Monika Mawer
Eulogiusz Sierdiuk
Monika Mawer
Monika Mawer
Eulogiusz Sierdiuk
Monika Mawer
Monika Mawer
Karina Cio³ka
Monika Mawer
Firmus Skiciñski
Monika Mawer
Anizja Fróg
Bogwiedz Krieg
Monika Mawer
Monika Mawer
Monika Mawer
Monika Mawer
Anizja Fróg
Monika Mawer
Fotyn Bet³akowski
Dezydery Wloszczyk
Monika Mawer
Monika Mawer
Ebrulf Presiñski
Przedpe³k Chwalibyg
Monika Mawer
Potapiusz Kudrañski
Siabora Bia³obrycka
Monika Mawer
Dadzboga Szeredko
Potapiusz Kudrañski
Dadzboga Szeredko
Monika Mawer
Monika Mawer
Anizja Fróg
Dadzboga Szeredko
Potapiusz Kudrañski
Siabora Bia³obrycka
Anizja Fróg
Kinga Osadziny
Monika Mawer
Monika Mawer
Monika Mawer
Monika Mawer
Przedpe³k Chwalibyg
Monika Mawer
Przedpe³k Chwalibyg
Monika Mawer
Eulogiusz Sierdiuk
Monika Mawer
Monika Mawer
Monika Mawer
Monika Mawer
Anizja Fróg
Monika Mawer
Monika Mawer
Kinga Osadziny
Monika Mawer
Monika Mawer
Monika Mawer
Monika Mawer
Monika Mawer
Monika Mawer
Monika Mawer
Monika Mawer
Monika Mawer
Przebor Nicowicz
Monika Mawer
Plamena Belceñ
Gabriela Szczeszkowska
Monika Mawer
Dadzboga Szeredko
Monika Mawer
Monika Mawer
Monika Mawer
Monika Mawer
Monika Mawer
Potapiusz Kudrañski
Dadzboga Szeredko
Monika Mawer
Monika Mawer
Monika Mawer
Placyd Turoczy
Kinga Osadziny
Anizja Fróg
Uœciwoj Uœcio
Uœciwoj Uœcio
Monika Mawer
Monika Mawer
Monika Mawer
Namys³aw Parzyszak
Monika Mawer
Potapiusz Kudrañski
Monika Mawer
Monika Mawer
Tercjusz Skotorczyk
Monika Mawer
Monika Mawer
Potapiusz Kudrañski
Dadzboga Szeredko
Anizja Fróg
Florian Papisz
Monika Mawer
Monika Mawer
Monika Mawer
Anizja Fróg
Siabora Bia³obrycka
Anizja Fróg
Przebor Nicowicz
Siabora Bia³obrycka
Monika Mawer
Anizja Fróg
Przebor Nicowicz
Monika Mawer
Wszemir Heleziak
Monika Mawer
Monika Mawer
Dadzboga Szeredko
Monika Mawer
Anizja Fróg
Przebor Nicowicz
Dadzboga Szeredko
Monika Mawer
Monika Mawer
Firmus Skiciñski
Anizja Fróg
Herbert Ko³czoch
Anizja Fróg
Monika Mawer
Wszemir Heleziak
Monika Mawer
Eulogiusz Sierdiuk
Monika Mawer
Monika Mawer
Monika Mawer
Sêdzis³aw Miziewski
Eulogiusz Sierdiuk
Potapiusz Kudrañski
Monika Mawer
Monika Mawer
Monika Mawer
Monika Mawer
Monika Mawer
Monika Mawer
Monika Mawer
Namys³aw Parzyszak
Plamena Belceñ
Monika Mawer
Monika Mawer
Monika Mawer
Potapiusz Kudrañski
Kajetana Skiucha
Monika Mawer
Anizja Fróg
Potapiusz Kudrañski
Eulogiusz Sierdiuk
Anizja Fróg
Dadzboga Szeredko
Anizja Fróg
Anizja Fróg
Monika Mawer
Dadzboga Szeredko
Potapiusz Kudrañski
Fryderyk Niedzia³ko
Plamena Belceñ
Monika Mawer
Monika Mawer
Przebor Nicowicz
Monika Mawer
Potapiusz Kudrañski
Monika Mawer
Monika Mawer
Monika Mawer
Dadzboga Szeredko
Monika Mawer
Anizja Fróg
Firmus Skiciñski
Monika Mawer
Dadzboga Szeredko
Monika Mawer
Kinga Osadziny
Anizja Fróg
Monika Mawer
Potapiusz Kudrañski
Monika Mawer
Monika Mawer
Monika Mawer
Monika Mawer
Anizja Fróg
Dadzboga Szeredko
Monika Mawer
Dadzboga Szeredko
Anizja Fróg
Monika Mawer
Dadzboga Szeredko
Potapiusz Kudrañski
Anizja Fróg
Anizja Fróg
Anizja Fróg
Monika Mawer
Monika Mawer
Anizja Fróg
Dadzboga Szeredko
Monika Mawer
Potapiusz Kudrañski
Potapiusz Kudrañski
Monika Mawer
Monika Mawer
Monika Mawer
